2021-06-23 10:41:56,434  INFO [main] TestBase:53 - Intitializing chrome driver
2021-06-23 10:42:05,162  INFO [main] TestBase:27 - Executing beforesuite method
2021-06-23 10:42:08,900  INFO [main] TestBase:62 - Executing test4 for comparing hasgmap
2021-06-24 10:57:00,700  INFO [main] TestBase:53 - Intitializing chrome driver
2021-06-24 10:57:11,565  INFO [main] TestBase:27 - Executing beforesuite method
2021-06-24 10:57:13,942  INFO [main] TestBase:62 - Executing test4 for comparing hasgmap
2021-06-24 11:12:44,279  INFO [main] TestBase:53 - Intitializing chrome driver
2021-06-24 11:12:50,919  INFO [main] TestBase:27 - Executing beforesuite method
2021-06-24 11:12:54,961  INFO [main] TestBase:62 - Executing test4 for comparing hasgmap
2021-06-24 11:32:02,315  INFO [main] TestBase:53 - Intitializing chrome driver
2021-06-24 11:32:09,458  INFO [main] TestBase:32 - Executing beforesuite method
2021-06-24 11:32:12,195  INFO [main] TestBase:67 - Executing test4 for comparing hasgmap
2021-06-24 11:32:13,134  INFO [main] TestBase:79 - operators page
2021-06-24 11:32:13,687  INFO [main] TestBase:93 - downloads page
2021-06-24 11:34:29,449  INFO [main] TestBase:53 - Intitializing chrome driver
2021-06-24 11:34:37,084  INFO [main] TestBase:32 - Executing beforesuite method
2021-06-24 11:34:42,193  INFO [main] TestBase:67 - Executing test4 for comparing hasgmap
2021-06-24 11:34:42,856  INFO [main] TestBase:79 - operators page
2021-06-24 11:34:43,032  INFO [main] TestBase:86 - usefullink page
2021-06-24 11:34:43,252  INFO [main] TestBase:93 - downloads page
2021-06-24 20:22:45,831  INFO [main] TestBase:53 - Intitializing chrome driver
2021-06-24 20:22:57,333  INFO [main] TestBase:38 - Executing beforesuite method
2021-06-24 20:22:58,131  INFO [main] TestBase:78 - Executing test4 for comparing hasgmap
2021-06-24 20:31:55,083  INFO [main] TestBase:53 - Intitializing chrome driver
2021-06-24 20:32:01,987  INFO [main] TestBase:38 - Executing beforesuite method
2021-06-24 20:32:03,080  INFO [main] TestBase:79 - Executing test4 for comparing hasgmap
2021-06-24 20:35:57,886  INFO [main] TestBase:53 - Intitializing chrome driver
2021-06-24 20:36:04,814  INFO [main] TestBase:38 - Executing beforesuite method
2021-06-24 20:36:10,497  INFO [main] TestBase:79 - Executing test4 for comparing hasgmap
2021-06-24 20:36:11,812  INFO [main] TestBase:104 - operators page
2021-06-24 20:36:12,035  INFO [main] TestBase:111 - usefullink page
2021-06-24 20:36:12,547  INFO [main] TestBase:118 - downloads page
2021-06-24 20:42:08,291  INFO [main] TestBase:53 - Intitializing chrome driver
2021-06-24 20:42:15,612  INFO [main] TestBase:38 - Executing beforesuite method
2021-06-24 20:42:21,286  INFO [main] TestBase:79 - Executing test4 for comparing hasgmap
2021-06-24 20:42:22,555  INFO [main] TestBase:104 - operators page
2021-06-24 20:42:22,783  INFO [main] TestBase:111 - usefullink page
2021-06-24 20:42:23,138  INFO [main] TestBase:118 - downloads page
2021-06-24 20:46:02,611  INFO [main] TestBase:53 - Intitializing chrome driver
2021-06-24 20:46:09,770  INFO [main] TestBase:38 - Executing beforesuite method
2021-06-24 20:46:15,117  INFO [main] TestBase:79 - Executing test4 for comparing hasgmap
2021-06-24 20:46:16,489  INFO [main] TestBase:104 - operators page
2021-06-24 20:46:16,710  INFO [main] TestBase:111 - usefullink page
2021-06-24 20:46:17,044  INFO [main] TestBase:118 - downloads page
2021-06-25 07:04:09,795  INFO [main] TestBase:53 - Intitializing chrome driver
2021-06-25 07:04:26,786  INFO [main] TestBase:38 - Executing beforesuite method
2021-06-25 07:04:34,185  INFO [main] TestBase:79 - Executing test4 for comparing hasgmap
2021-06-25 07:04:35,390  INFO [main] TestBase:104 - operators page
2021-06-25 07:04:35,623  INFO [main] TestBase:111 - usefullink page
2021-06-25 07:04:35,982  INFO [main] TestBase:118 - downloads page
2021-06-25 07:16:54,837  INFO [main] TestBase:53 - Intitializing chrome driver
2021-06-25 07:17:01,356  INFO [main] TestBase:38 - Executing beforesuite method
2021-06-25 07:17:04,968  INFO [main] TestBase:79 - Executing test4 for comparing hasgmap
2021-06-25 07:17:05,995  INFO [main] TestBase:104 - operators page
2021-06-25 07:17:06,194  INFO [main] TestBase:111 - usefullink page
2021-06-25 07:17:06,457  INFO [main] TestBase:118 - downloads page
2021-06-26 10:28:48,940  INFO [main] TestBase:53 - Intitializing chrome driver
2021-06-26 10:29:19,386  INFO [main] TestBase:38 - Executing beforesuite method
2021-06-26 10:29:25,757  INFO [main] TestBase:79 - Executing test4 for comparing hasgmap
2021-06-26 10:29:27,339  INFO [main] TestBase:104 - operators page
2021-06-26 10:29:27,547  INFO [main] TestBase:111 - usefullink page
2021-06-26 10:29:28,038  INFO [main] TestBase:118 - downloads page
2021-06-28 16:37:13,759  INFO [main] TestBase:56 - Intitializing chrome driver
2021-06-28 16:37:50,132  INFO [main] TestBase:56 - Intitializing chrome driver
2021-06-28 16:38:06,276  INFO [main] TestBase:65 - Executing test4 for comparing hasgmap
2021-06-28 21:09:21,598  INFO [main] TestBase:56 - Intitializing chrome driver
2021-06-28 21:49:18,358  INFO [main] TestBase:55 - Intitializing chrome driver
2021-06-28 21:49:25,176  INFO [main] TestBase:55 - Intitializing chrome driver
2021-06-28 21:49:30,061  INFO [main] TestBase:55 - Intitializing chrome driver
2021-06-28 21:49:36,434  INFO [main] TestBase:55 - Intitializing chrome driver
2021-06-28 21:49:45,458  INFO [main] TestBase:55 - Intitializing chrome driver
2021-06-28 21:49:51,577  INFO [main] TestBase:55 - Intitializing chrome driver
2021-06-28 21:50:12,151  INFO [main] TestBase:56 - Executing test4 for comparing hasgmap
2021-06-28 21:54:22,618  INFO [main] TestBase:55 - Intitializing chrome driver
2021-06-28 21:54:28,893  INFO [main] TestBase:55 - Intitializing chrome driver
2021-06-28 21:54:33,484  INFO [main] TestBase:55 - Intitializing chrome driver
2021-06-28 21:54:39,183  INFO [main] TestBase:55 - Intitializing chrome driver
2021-06-28 21:54:44,359  INFO [main] TestBase:55 - Intitializing chrome driver
2021-06-28 21:54:49,408  INFO [main] TestBase:55 - Intitializing chrome driver
2021-06-28 21:54:59,547  INFO [main] TestBase:57 - Executing test4 for comparing hasgmap
2021-06-29 07:50:58,259  INFO [main] TestBase:55 - Intitializing chrome driver
2021-06-29 07:57:56,689  INFO [main] TestBase:55 - Intitializing chrome driver
2021-06-29 08:23:55,776  INFO [main] TestBase:58 - Intitializing chrome driver
2021-06-29 08:27:44,826  INFO [main] TestBase:58 - Intitializing chrome driver
2021-06-30 07:07:55,849  INFO [main] TestBase:69 - Intitializing chrome driver
2021-06-30 07:12:51,035  INFO [main] TestBase:69 - Intitializing chrome driver
2021-06-30 07:56:34,188  INFO [main] TestBase:69 - Intitializing chrome driver
2021-06-30 07:56:44,368  INFO [main] TestBase:26 - in openbrowser of logintest
2021-06-30 08:12:03,442  INFO [main] TestBase:69 - Intitializing chrome driver
2021-06-30 08:12:10,418  INFO [main] TestBase:26 - in openbrowser of logintest
2021-06-30 08:13:32,450  INFO [main] TestBase:26 - in openbrowser of logintest
2021-06-30 08:16:43,980  INFO [main] TestBase:69 - Intitializing chrome driver
2021-06-30 08:16:50,664  INFO [main] TestBase:26 - in openbrowser of logintest
2021-06-30 08:18:50,493  INFO [main] TestBase:69 - Intitializing chrome driver
2021-06-30 08:18:55,606  INFO [main] TestBase:26 - in openbrowser of logintest
2021-06-30 08:20:29,691  INFO [main] TestBase:69 - Intitializing chrome driver
2021-06-30 08:30:51,004  INFO [main] TestBase:69 - Intitializing chrome driver
2021-06-30 08:39:43,411  INFO [main] TestBase:69 - Intitializing chrome driver
2021-06-30 08:39:52,063  INFO [main] TestBase:26 - in openbrowser of logintest
2021-06-30 08:42:36,385  INFO [main] TestBase:69 - Intitializing chrome driver
2021-06-30 08:42:41,648  INFO [main] TestBase:26 - in openbrowser of logintest
2021-06-30 09:13:23,737  INFO [main] TestBase:69 - Intitializing chrome driver
2021-06-30 09:13:31,700  INFO [main] TestBase:26 - in openbrowser of logintest
2021-06-30 09:23:59,068  INFO [main] TestBase:69 - Intitializing chrome driver
2021-06-30 09:24:19,913  INFO [main] TestBase:26 - in openbrowser of logintest
2021-07-01 10:35:53,124  INFO [main] TestBase:69 - Intitializing chrome driver
2021-07-01 10:36:26,465  INFO [main] TestBase:25 - in openbrowser of logintest
2021-07-01 10:36:26,469  INFO [main] TestBase:69 - Intitializing chrome driver
2021-07-01 10:36:37,315  INFO [main] TestBase:69 - Intitializing chrome driver
2021-07-01 10:40:52,464  INFO [main] TestBase:69 - Intitializing chrome driver
2021-07-01 10:41:06,180  INFO [main] TestBase:26 - in openbrowser of logintest
2021-07-01 10:41:06,211  INFO [main] TestBase:69 - Intitializing chrome driver
2021-07-01 10:41:14,169  INFO [main] TestBase:26 - in openbrowser of logintest
2021-07-01 10:41:36,443  INFO [main] TestBase:69 - Intitializing chrome driver
2021-07-01 10:42:09,410  INFO [main] TestBase:69 - Intitializing chrome driver
2021-07-01 10:42:18,476  INFO [main] TestBase:69 - Intitializing chrome driver
2021-07-01 10:42:29,314  INFO [main] TestBase:69 - Intitializing chrome driver
2021-07-01 10:42:40,173  INFO [main] TestBase:69 - Intitializing chrome driver
2021-07-01 10:42:49,722  INFO [main] TestBase:60 - Executing test4 for comparing hasgmap
2021-07-01 10:42:50,172  INFO [main] TestBase:69 - Intitializing chrome driver
2021-07-01 10:43:33,694  INFO [main] TestBase:69 - Intitializing chrome driver
2021-07-01 10:43:43,256  INFO [main] TestBase:69 - Intitializing chrome driver
2021-07-01 10:43:51,318  INFO [main] TestBase:69 - Intitializing chrome driver
2021-07-01 10:44:01,517  INFO [main] TestBase:69 - Intitializing chrome driver
2021-07-01 10:44:08,525  INFO [main] TestBase:60 - Executing test4 for comparing hasgmap
2021-07-01 10:44:09,103  INFO [main] TestBase:69 - Intitializing chrome driver
2021-07-01 10:45:38,548  INFO [main] TestBase:69 - Intitializing chrome driver
2021-07-01 10:45:48,044  INFO [main] TestBase:26 - in openbrowser of logintest
2021-07-01 10:45:48,096  INFO [main] TestBase:69 - Intitializing chrome driver
2021-07-01 10:45:55,097  INFO [main] TestBase:26 - in openbrowser of logintest
2021-07-01 10:45:56,796  INFO [main] TestBase:69 - Intitializing chrome driver
2021-07-01 10:46:04,462  INFO [main] TestBase:69 - Intitializing chrome driver
2021-07-01 10:46:20,706  INFO [main] TestBase:69 - Intitializing chrome driver
2021-07-01 10:46:40,722  INFO [main] TestBase:69 - Intitializing chrome driver
2021-07-01 10:47:19,090  INFO [main] TestBase:69 - Intitializing chrome driver
2021-07-01 10:47:30,309  INFO [main] TestBase:69 - Intitializing chrome driver
2021-07-01 10:47:38,915  INFO [main] TestBase:69 - Intitializing chrome driver
2021-07-01 10:52:10,916  INFO [main] TestBase:71 - Intitializing chrome driver
2021-07-01 10:52:21,349  INFO [main] TestBase:71 - Intitializing chrome driver
2021-07-01 10:52:28,354  INFO [main] TestBase:71 - Intitializing chrome driver
2021-07-01 10:52:37,805  INFO [main] TestBase:71 - Intitializing chrome driver
2021-07-01 10:52:44,105  INFO [main] TestBase:60 - Executing test4 for comparing hasgmap
2021-07-01 10:52:44,486  INFO [main] TestBase:71 - Intitializing chrome driver
2021-07-01 11:06:06,193  INFO [main] TestBase:71 - Intitializing chrome driver
2021-07-01 11:06:16,464  INFO [main] TestBase:71 - Intitializing chrome driver
2021-07-01 11:06:24,116  INFO [main] TestBase:71 - Intitializing chrome driver
2021-07-01 11:06:33,016  INFO [main] TestBase:71 - Intitializing chrome driver
2021-07-01 11:06:41,796  INFO [main] TestBase:60 - Executing test4 for comparing hasgmap
2021-07-01 11:06:42,205  INFO [main] TestBase:71 - Intitializing chrome driver
2021-07-01 11:14:54,490  INFO [main] TestBase:71 - Intitializing chrome driver
2021-07-01 11:17:41,204  INFO [main] TestBase:71 - Intitializing chrome driver
2021-07-01 11:17:50,013  INFO [main] TestBase:71 - Intitializing chrome driver
2021-07-01 11:17:57,646  INFO [main] TestBase:71 - Intitializing chrome driver
2021-07-01 11:18:06,046  INFO [main] TestBase:71 - Intitializing chrome driver
2021-07-01 11:19:40,178  INFO [main] TestBase:71 - Intitializing chrome driver
2021-07-01 11:20:51,655  INFO [main] TestBase:71 - Intitializing chrome driver
2021-07-01 11:20:59,022  INFO [main] TestBase:71 - Intitializing chrome driver
2021-07-01 11:21:09,149  INFO [main] TestBase:71 - Intitializing chrome driver
2021-07-01 11:21:18,606  INFO [main] TestBase:71 - Intitializing chrome driver
2021-07-01 11:21:27,570  INFO [main] TestBase:60 - Executing test4 for comparing hasgmap
2021-07-01 11:21:28,004  INFO [main] TestBase:71 - Intitializing chrome driver
2021-07-01 11:22:47,938  INFO [main] TestBase:71 - Intitializing chrome driver
2021-07-01 11:22:58,818  INFO [main] TestBase:71 - Intitializing chrome driver
2021-07-01 11:23:06,319  INFO [main] TestBase:71 - Intitializing chrome driver
2021-07-01 11:23:16,646  INFO [main] TestBase:71 - Intitializing chrome driver
2021-07-01 11:23:25,568  INFO [main] TestBase:60 - Executing test4 for comparing hasgmap
2021-07-01 11:23:26,047  INFO [main] TestBase:71 - Intitializing chrome driver
2021-07-01 11:26:37,043  INFO [main] TestBase:71 - Intitializing chrome driver
2021-07-01 11:26:46,100  INFO [main] TestBase:71 - Intitializing chrome driver
2021-07-01 11:26:58,784  INFO [main] TestBase:71 - Intitializing chrome driver
2021-07-01 11:27:11,165  INFO [main] TestBase:71 - Intitializing chrome driver
2021-07-01 11:27:18,368  INFO [main] TestBase:60 - Executing test4 for comparing hasgmap
2021-07-01 11:27:18,944  INFO [main] TestBase:71 - Intitializing chrome driver
2021-07-01 11:29:00,088  INFO [main] TestBase:71 - Intitializing chrome driver
2021-07-01 11:29:10,446  INFO [main] TestBase:71 - Intitializing chrome driver
2021-07-01 11:29:20,810  INFO [main] TestBase:71 - Intitializing chrome driver
2021-07-01 11:29:32,393  INFO [main] TestBase:71 - Intitializing chrome driver
2021-07-01 11:29:38,663  INFO [main] TestBase:61 - Executing test4 for comparing hasgmap
2021-07-01 11:29:40,165  INFO [main] TestBase:71 - Intitializing chrome driver
2021-07-01 11:30:39,239  INFO [main] TestBase:71 - Intitializing chrome driver
2021-07-01 11:30:51,001  INFO [main] TestBase:62 - Executing test4 for comparing hasgmap
2021-07-01 11:32:27,209  INFO [main] TestBase:71 - Intitializing chrome driver
2021-07-01 11:32:40,586  INFO [main] TestBase:62 - Executing test4 for comparing hasgmap
2021-07-03 12:54:17,202  INFO [main] TestBase:71 - Intitializing chrome driver
2021-07-03 12:55:44,762  INFO [main] TestBase:26 - in openbrowser of logintest
2021-07-03 12:55:44,897  INFO [main] TestBase:71 - Intitializing chrome driver
2021-07-03 12:56:10,873  INFO [main] TestBase:26 - in openbrowser of logintest
2021-07-03 12:57:37,164  INFO [main] TestBase:71 - Intitializing chrome driver
2021-07-03 12:58:11,636  INFO [main] TestBase:27 - in openbrowser of logintest
2021-07-03 12:59:04,043  INFO [main] TestBase:71 - Intitializing chrome driver
2021-07-03 13:03:38,626  INFO [main] TestBase:71 - Intitializing chrome driver
2021-07-03 13:03:51,009  INFO [main] TestBase:27 - in openbrowser of logintest
2021-07-03 13:03:52,374  INFO [main] TestBase:71 - Intitializing chrome driver
2021-07-03 13:03:58,792  INFO [main] TestBase:71 - Intitializing chrome driver
2021-07-03 13:04:09,874  INFO [main] TestBase:62 - Executing test4 for comparing hasgmap
2021-07-03 13:04:11,125  INFO [main] TestBase:71 - Intitializing chrome driver
2021-07-03 13:04:21,806  INFO [main] TestBase:71 - Intitializing chrome driver
2021-07-03 13:04:28,475  INFO [main] TestBase:71 - Intitializing chrome driver
2021-07-03 13:05:51,380  INFO [main] TestBase:71 - Intitializing chrome driver
2021-07-03 13:08:20,502  INFO [main] TestBase:71 - Intitializing chrome driver
2021-07-03 13:08:32,531  INFO [main] TestBase:27 - in openbrowser of logintest
2021-07-03 13:08:33,743  INFO [main] TestBase:71 - Intitializing chrome driver
2021-07-03 13:08:43,266  INFO [main] TestBase:71 - Intitializing chrome driver
2021-07-03 13:08:56,080  INFO [main] TestBase:62 - Executing test4 for comparing hasgmap
2021-07-03 13:08:56,503  INFO [main] TestBase:71 - Intitializing chrome driver
2021-07-03 13:09:12,254  INFO [main] TestBase:71 - Intitializing chrome driver
2021-07-03 13:09:19,731  INFO [main] TestBase:71 - Intitializing chrome driver
